<?xml version="1.0" encoding="UTF-8"?>
<!-- Generated by org.testng.reporters.JUnitXMLReporter -->
<testsuite ignored="0" hostname="DESKTOP-K0PILNR" failures="0" tests="7" name="Default test" time="335.314" errors="0" timestamp="2023-05-17T14:01:41 ICT">
  <testcase classname="com.automation.testcase.TC_LoginTest" name="TC01_LoginFirstAccount" time="29.959"/>
  <testcase classname="com.automation.testcase.TC_LoginTest" name="TC01_LoginFirstAccount" time="36.261"/>
  <testcase classname="com.automation.testcase.TC_LoginTest" name="TC01_LoginFirstAccount" time="33.36"/>
  <testcase classname="com.automation.testcase.TC_LoginTest" name="TC01_LoginFirstAccount" time="56.874"/>
  <testcase classname="com.automation.testcase.TC_LoginTest" name="TC01_LoginFirstAccount" time="35.831"/>
  <testcase classname="com.automation.testcase.TC_LoginTest" name="TC01_LoginFirstAccount" time="36.966"/>
  <testcase classname="com.automation.testcase.TC_LoginTest" name="TC01_LoginFirstAccount" time="74.001"/>
</testsuite> <!-- Default test -->
